<?xml version="1.0" encoding="UTF-8"?>
<testng-results skipped="0" failed="0" total="0" passed="0">
  <reporter-output>
  </reporter-output>
  <suite name="com.fsoft.jenkintest.AppTest" duration-ms="0" started-at="2016-01-15T13:52:50Z" finished-at="2016-01-15T13:52:50Z">
    <groups>
    </groups>
    <test name="Command line test" duration-ms="0" started-at="2016-01-15T13:52:50Z" finished-at="2016-01-15T13:52:50Z">
    </test> <!-- Command line test -->
  </suite> <!-- com.fsoft.jenkintest.AppTest -->
</testng-results>
